<?xml version="1.0" encoding="UTF-8"?>
<!-- Generated by org.testng.reporters.JUnitReportReporter -->
<testsuite name="NewSampleProject.Sample.ToolsQAPage" tests="1" time="15.518" ignored="0" failures="0" timestamp="15 May 2020 13:08:58 GMT" skipped="0" hostname="DESKTOP-08UKO0B" errors="0">
  <testcase name="testPage" time="15.518" classname="NewSampleProject.Sample.ToolsQAPage"/>
</testsuite> <!-- NewSampleProject.Sample.ToolsQAPage -->
